<?xml version="1.0" encoding="UTF-8"?>
<!-- Generated by org.testng.reporters.JUnitReportReporter -->
<testsuite hostname="DESKTOP-NKCGN8N" name="vn.nacl.core.testng.LoginTest" tests="2" failures="0" timestamp="31 Aug 2021 14:41:33 GMT" time="0.021" errors="0">
  <testcase name="checkFindRoleByUser" time="0.017" classname="vn.nacl.core.testng.LoginTest"/>
  <testcase name="checkIsUserExist" time="0.004" classname="vn.nacl.core.testng.LoginTest"/>
</testsuite> <!-- vn.nacl.core.testng.LoginTest -->
